<?xml version="1.0" encoding="UTF-8"?>
<testsuite xmlns:xsi="http://www.w3.org/2001/XMLSchema-instance" xsi:noNamespaceSchemaLocation="https://maven.apache.org/surefire/maven-surefire-plugin/xsd/surefire-test-report-3.0.xsd" version="3.0" name="com.example.craft.OrderProcessorTest" time="0.291" tests="7" errors="0" skipped="0" failures="0">
  <properties>
[...]
</properties>
  <testcase name="throw_exception_on_illegal_delivery_type" classname="com.example.craft.OrderProcessorTest" time="0.083">
    <system-out><![CDATA[Premium discount applied
]]></system-out>
  </testcase>
  <testcase name="staff_customer_gets_discount_and_receipt_contains_total" classname="com.example.craft.OrderProcessorTest" time="0.06">
    <system-out><![CDATA[Staff discount applied
Delivery Strategy Cost = 399
Taking card payment for £11.99
Saving order ORD-2
Saving order ORD-2 for customer Tim
Sending email to tim.kay@email.com
Dear Tim, your order has been processed.
Order ORD-2 total was £11.99
Sending SMS to 07777777777
Order ORD-2 confirmed by SMS
Receipt
-------
Order: ORD-2
Customer: Tim
Subtotal: £10.00
Discount: £2.00
Delivery: £3.99
Total: £11.99

]]></system-out>
  </testcase>
  <testcase name="delivery_type_collection_has_no_delivery_fee" classname="com.example.craft.OrderProcessorTest" time="0.005">
    <system-out><![CDATA[Premium discount applied
Delivery Strategy Cost = 0
Taking card payment for £9.00
Saving order ORD-5
Saving order ORD-5 for customer Simon
Sending email to simon.kay@email.com
Dear Simon, your order has been processed.
Order ORD-5 total was £9.00
Sending SMS to 07777777777
Order ORD-5 confirmed by SMS
Receipt
-------
Order: ORD-5
Customer: Simon
Subtotal: £10.00
Discount: £1.00
Delivery: £0.00
Total: £9.00

]]></system-out>
  </testcase>
  <testcase name="delivery_free_when_subtotal_over_5000" classname="com.example.craft.OrderProcessorTest" time="0.004">
    <system-out><![CDATA[Student discount applied
Delivery Strategy Cost = 0
Taking card payment for £85.00
Saving order ORD-3
Saving order ORD-3 for customer Same
Sending email to sam.kay@email.com
Dear Same, your order has been processed.
Order ORD-3 total was £85.00
Sending SMS to 07777777777
Order ORD-3 confirmed by SMS
Receipt
-------
Order: ORD-3
Customer: Same
Subtotal: £100.00
Discount: £15.00
Delivery: £0.00
Total: £85.00

]]></system-out>
  </testcase>
  <testcase name="student_customer_gets_discount_and_receipt_contains_total" classname="com.example.craft.OrderProcessorTest" time="0.008">
    <system-out><![CDATA[Student discount applied
Delivery Strategy Cost = 399
Taking PayPal payment for £12.49
PayPal payment using test-like email address
Saving order ORD-1
Saving order ORD-1 for customer Ada
Sending email to ada@example.com
Dear Ada, your order has been processed.
Order ORD-1 total was £12.49
Sending SMS to 07123456789
Order ORD-1 confirmed by SMS
Receipt
-------
Order: ORD-1
Customer: Ada
Subtotal: £10.00
Discount: £1.50
Delivery: £3.99
Total: £12.49

]]></system-out>
  </testcase>
  <testcase name="throw_exception_on_empty_order" classname="com.example.craft.OrderProcessorTest" time="0.004"/>
  <testcase name="premium_customer_gets_larger_discount_on_five_items_or_more" classname="com.example.craft.OrderProcessorTest" time="0.005">
    <system-out><![CDATA[Premium discount applied
Delivery Strategy Cost = 0
Taking card payment for £87.00
Saving order ORD-6
Saving order ORD-6 for customer Simon
Sending email to simon.kay@email.com
Dear Simon, your order has been processed.
Order ORD-6 total was £87.00
Sending SMS to 07777777777
Order ORD-6 confirmed by SMS
Sending premium customer follow-up email
Receipt
-------
Order: ORD-6
Customer: Simon
Subtotal: £100.00
Discount: £13.00
Delivery: £0.00
Total: £87.00

]]></system-out>
  </testcase>
</testsuite>